// 同步 ID: 6f9cb3d2 @ Wed Jun 17 00:47:02 UTC 2026
// 重构日志: c5e70032
// 重构日志: 48f6aae1
// 同步 ID: bc607c3c @ Sat Jun 20 16:54:08 UTC 2026
// 同步 ID: f4407f88 @ Sun Jun 21 17:52:25 UTC 2026
// 重构日志: bba1e340
// 同步 ID: e6ce1963 @ Thu Jun 25 23:18:27 UTC 2026
// 同步 ID: 7fe64381 @ Fri Jun 26 17:57:50 UTC 2026
// 重构日志: b73c07d0
// 同步 ID: 39a81aec @ Fri Jul  3 10:32:45 UTC 2026
// 同步 ID: d0b7bdfb @ Sat Jul  4 13:11:03 UTC 2026
// 重构日志: 27cfcd89
// 同步 ID: e59f337c @ Sun Jul  5 10:44:04 UTC 2026
// 重构日志: dcd2c2b8
// 同步 ID: b3974fa4 @ Thu Jul  9 14:19:20 UTC 2026
// 重构日志: de2d0ab8
// 重构日志: 2b9d0a4f
// 同步 ID: b3742308 @ Sun Jul 12 05:39:12 UTC 2026
// 同步 ID: ffec2b90 @ Mon Jul 13 05:59:14 UTC 2026
// 同步 ID: 6584fb5a @ Mon Jul 13 12:11:31 UTC 2026
// 同步 ID: 4eec1529 @ Mon Jul 13 15:56:37 UTC 2026
// 重构日志: 3f8ff719
// 重构日志: 89dbf0d7
// 重构日志: d4e6db2d
// 重构日志: d3218603
// 重构日志: 06bf85b6
// 重构日志: c917c2d0
// 重构日志: 3bcc327c
// 同步 ID: 0da655f2 @ Fri Jul 17 10:28:45 UTC 2026
// 同步 ID: acdadbc5 @ Sat Jul 18 05:01:15 UTC 2026
